# JRE version: OpenJDK Runtime Environment (8.0_242-b01) (build 1.8.0_242-release-1644-b01)
# Java VM: OpenJDK 64-Bit Server VM (25.242-b01 mixed mode windows-amd64 compressed oops)
Heap:
 PSYoungGen      total 630784K, used 605545K [0x00000000d5580000, 0x0000000100000000, 0x0000000100000000)
  eden space 566272K, 100% used [0x00000000d5580000,0x00000000f7e80000,0x00000000f7e80000)
  from space 64512K, 60% used [0x00000000fbe00000,0x00000000fe45a4c0,0x00000000ffd00000)
  to   space 65024K, 53% used [0x00000000f7e80000,0x00000000fa066b30,0x00000000fbe00000)
 ParOldGen       total 815616K, used 205931K [0x0000000080000000, 0x00000000b1c80000, 0x00000000d5580000)
  object space 815616K, 25% used [0x0000000080000000,0x000000008c91afa8,0x00000000b1c80000)
 Metaspace       used 213754K, capacity 224856K, committed 225100K, reserved 1245184K
  class space    used 27422K, capacity 29707K, committed 29824K, reserved 1048576K
GC Heap History (10 events):
Event: 221.337 GC heap after
Heap after GC invocations=31 (full 5):
 PSYoungGen      total 629760K, used 33022K [0x00000000d5580000, 0x0000000100000000, 0x0000000100000000)
  eden space 560640K, 0% used [0x00000000d5580000,0x00000000d5580000,0x00000000f7900000)
  from space 69120K, 47% used [0x00000000fb980000,0x00000000fd9bf910,0x00000000ffd00000)
  to   space 66048K, 0% used [0x00000000f7900000,0x00000000f7900000,0x00000000fb980000)
 ParOldGen       total 815616K, used 139010K [0x0000000080000000, 0x00000000b1c80000, 0x00000000d5580000)
  object space 815616K, 17% used [0x0000000080000000,0x00000000887c08d0,0x00000000b1c80000)
 Metaspace       used 162927K, capacity 171146K, committed 171340K, reserved 1198080K
  class space    used 21098K, capacity 22770K, committed 22912K, reserved 1048576K
}
Event: 221.552 GC heap before
{Heap before GC invocations=32 (full 5):
 PSYoungGen      total 629760K, used 593662K [0x00000000d5580000, 0x0000000100000000, 0x0000000100000000)
  eden space 560640K, 100% used [0x00000000d5580000,0x00000000f7900000,0x00000000f7900000)
  from space 69120K, 47% used [0x00000000fb980000,0x00000000fd9bf910,0x00000000ffd00000)
  to   space 66048K, 0% used [0x00000000f7900000,0x00000000f7900000,0x00000000fb980000)
 ParOldGen       total 815616K, used 139013K [0x0000000080000000, 0x00000000b1c80000, 0x00000000d5580000)
  object space 815616K, 17% used [0x0000000080000000,0x00000000887c1758,0x00000000b1c80000)
 Metaspace       used 162933K, capacity 171146K, committed 171340K, reserved 1198080K
  class space    used 21098K, capacity 22770K, committed 22912K, reserved 1048576K
Event: 221.567 GC heap after
Heap after GC invocations=32 (full 5):
 PSYoungGen      total 626688K, used 7311K [0x00000000d5580000, 0x00000000ffe00000, 0x0000000100000000)
  eden space 560640K, 0% used [0x00000000d5580000,0x00000000d5580000,0x00000000f7900000)
  from space 66048K, 11% used [0x00000000f7900000,0x00000000f8023e40,0x00000000fb980000)
  to   space 66560K, 0% used [0x00000000fbd00000,0x00000000fbd00000,0x00000000ffe00000)
 ParOldGen       total 815616K, used 162251K [0x0000000080000000, 0x00000000b1c80000, 0x00000000d5580000)
  object space 815616K, 19% used [0x0000000080000000,0x0000000089e72c58,0x00000000b1c80000)
 Metaspace       used 162933K, capacity 171146K, committed 171340K, reserved 1198080K
  class space    used 21098K, capacity 22770K, committed 22912K, reserved 1048576K
}
Event: 221.792 GC heap before
{Heap before GC invocations=33 (full 5):
 PSYoungGen      total 626688K, used 567951K [0x00000000d5580000, 0x00000000ffe00000, 0x0000000100000000)
  eden space 560640K, 100% used [0x00000000d5580000,0x00000000f7900000,0x00000000f7900000)
  from space 66048K, 11% used [0x00000000f7900000,0x00000000f8023e40,0x00000000fb980000)
  to   space 66560K, 0% used [0x00000000fbd00000,0x00000000fbd00000,0x00000000ffe00000)
 ParOldGen       total 815616K, used 162251K [0x0000000080000000, 0x00000000b1c80000, 0x00000000d5580000)
  object space 815616K, 19% used [0x0000000080000000,0x0000000089e72c58,0x00000000b1c80000)
 Metaspace       used 162937K, capacity 171146K, committed 171340K, reserved 1198080K
  class space    used 21098K, capacity 22770K, committed 22912K, reserved 1048576K
Event: 221.799 GC heap after
Heap after GC invocations=33 (full 5):
 PSYoungGen      total 631296K, used 11618K [0x00000000d5580000, 0x00000000ffe80000, 0x0000000100000000)
  eden space 564736K, 0% used [0x00000000d5580000,0x00000000d5580000,0x00000000f7d00000)
  from space 66560K, 17% used [0x00000000fbd00000,0x00000000fc858a38,0x00000000ffe00000)
  to   space 65536K, 0% used [0x00000000f7d00000,0x00000000f7d00000,0x00000000fbd00000)
 ParOldGen       total 815616K, used 167379K [0x0000000080000000, 0x00000000b1c80000, 0x00000000d5580000)
  object space 815616K, 20% used [0x0000000080000000,0x000000008a374ce8,0x00000000b1c80000)
 Metaspace       used 162937K, capacity 171146K, committed 171340K, reserved 1198080K
  class space    used 21098K, capacity 22770K, committed 22912K, reserved 1048576K
}
Event: 224.718 GC heap before
{Heap before GC invocations=34 (full 5):
 PSYoungGen      total 631296K, used 576354K [0x00000000d5580000, 0x00000000ffe80000, 0x0000000100000000)
  eden space 564736K, 100% used [0x00000000d5580000,0x00000000f7d00000,0x00000000f7d00000)
  from space 66560K, 17% used [0x00000000fbd00000,0x00000000fc858a38,0x00000000ffe00000)
  to   space 65536K, 0% used [0x00000000f7d00000,0x00000000f7d00000,0x00000000fbd00000)
 ParOldGen       total 815616K, used 167379K [0x0000000080000000, 0x00000000b1c80000, 0x00000000d5580000)
  object space 815616K, 20% used [0x0000000080000000,0x000000008a374ce8,0x00000000b1c80000)
 Metaspace       used 164885K, capacity 173242K, committed 173644K, reserved 1200128K
  class space    used 21336K, capacity 23004K, committed 23168K, reserved 1048576K
Event: 224.747 GC heap after
Heap after GC invocations=34 (full 5):
 PSYoungGen      total 630272K, used 34168K [0x00000000d5580000, 0x00000000ffd00000, 0x0000000100000000)
  eden space 564736K, 0% used [0x00000000d5580000,0x00000000d5580000,0x00000000f7d00000)
  from space 65536K, 52% used [0x00000000f7d00000,0x00000000f9e5e180,0x00000000fbd00000)
  to   space 64512K, 0% used [0x00000000fbe00000,0x00000000fbe00000,0x00000000ffd00000)
 ParOldGen       total 815616K, used 178330K [0x0000000080000000, 0x00000000b1c80000, 0x00000000d5580000)
  object space 815616K, 21% used [0x0000000080000000,0x000000008ae26a68,0x00000000b1c80000)
 Metaspace       used 164885K, capacity 173242K, committed 173644K, reserved 1200128K
  class space    used 21336K, capacity 23004K, committed 23168K, reserved 1048576K
}
Event: 464.978 GC heap before
{Heap before GC invocations=35 (full 5):
 PSYoungGen      total 630272K, used 598904K [0x00000000d5580000, 0x00000000ffd00000, 0x0000000100000000)
  eden space 564736K, 100% used [0x00000000d5580000,0x00000000f7d00000,0x00000000f7d00000)
  from space 65536K, 52% used [0x00000000f7d00000,0x00000000f9e5e180,0x00000000fbd00000)
  to   space 64512K, 0% used [0x00000000fbe00000,0x00000000fbe00000,0x00000000ffd00000)
 ParOldGen       total 815616K, used 178330K [0x0000000080000000, 0x00000000b1c80000, 0x00000000d5580000)
  object space 815616K, 21% used [0x0000000080000000,0x000000008ae26a68,0x00000000b1c80000)
 Metaspace       used 184831K, capacity 194410K, committed 194764K, reserved 1218560K
  class space    used 23585K, capacity 25487K, committed 25600K, reserved 1048576K
Event: 465.002 GC heap after
Heap after GC invocations=35 (full 5):
 PSYoungGen      total 630784K, used 39273K [0x00000000d5580000, 0x0000000100000000, 0x0000000100000000)
  eden space 566272K, 0% used [0x00000000d5580000,0x00000000d5580000,0x00000000f7e80000)
  from space 64512K, 60% used [0x00000000fbe00000,0x00000000fe45a4c0,0x00000000ffd00000)
  to   space 65024K, 0% used [0x00000000f7e80000,0x00000000f7e80000,0x00000000fbe00000)
 ParOldGen       total 815616K, used 185730K [0x0000000080000000, 0x00000000b1c80000, 0x00000000d5580000)
  object space 815616K, 22% used [0x0000000080000000,0x000000008b560848,0x00000000b1c80000)
 Metaspace       used 184831K, capacity 194410K, committed 194764K, reserved 1218560K
  class space    used 23585K, capacity 25487K, committed 25600K, reserved 1048576K
}
Event: 1814.060 GC heap before
{Heap before GC invocations=36 (full 5):
 PSYoungGen      total 630784K, used 605545K [0x00000000d5580000, 0x0000000100000000, 0x0000000100000000)
  eden space 566272K, 100% used [0x00000000d5580000,0x00000000f7e80000,0x00000000f7e80000)
  from space 64512K, 60% used [0x00000000fbe00000,0x00000000fe45a4c0,0x00000000ffd00000)
  to   space 65024K, 0% used [0x00000000f7e80000,0x00000000f7e80000,0x00000000fbe00000)
 ParOldGen       total 815616K, used 185730K [0x0000000080000000, 0x00000000b1c80000, 0x00000000d5580000)
  object space 815616K, 22% used [0x0000000080000000,0x000000008b560848,0x00000000b1c80000)
 Metaspace       used 213754K, capacity 224856K, committed 225100K, reserved 1245184K
  class space    used 27422K, capacity 29707K, committed 29824K, reserved 1048576K

